  Link.cpp
C:\Study\ОС\operating-systems\3\ImageServiceDowloader\ImageServiceDowloader\Link.cpp(17,21): warning C4129: /: неизвестная escape-последовательность
C:\Study\ОС\operating-systems\3\ImageServiceDowloader\ImageServiceDowloader\Link.cpp(18,21): warning C4129: /: неизвестная escape-последовательность
C:\Study\ОС\operating-systems\3\ImageServiceDowloader\ImageServiceDowloader\Link.cpp(19,21): warning C4129: /: неизвестная escape-последовательность
  Queue.cpp
  StartApplication.cpp
C:\Study\ОС\operating-systems\3\ImageServiceDowloader\ImageServiceDowloader\Link.cpp(17,21): warning C4129: /: неизвестная escape-последовательность
C:\Study\ОС\operating-systems\3\ImageServiceDowloader\ImageServiceDowloader\Link.cpp(18,21): warning C4129: /: неизвестная escape-последовательность
C:\Study\ОС\operating-systems\3\ImageServiceDowloader\ImageServiceDowloader\Link.cpp(19,21): warning C4129: /: неизвестная escape-последовательность
C:\Study\ОС\operating-systems\3\ImageServiceDowloader\ImageServiceDowloader\StartApplication.cpp(76,16): warning C4129: I: неизвестная escape-последовательность
C:\Study\ОС\operating-systems\3\ImageServiceDowloader\ImageServiceDowloader\StartApplication.cpp(93,42): warning C4838: Преобразование из "int" в "unsigned int" требует сужающего преобразования.
C:\Study\ОС\operating-systems\3\ImageServiceDowloader\ImageServiceDowloader\StartApplication.cpp(154,69): warning C4267: аргумент: преобразование из "size_t" в "int"; возможна потеря данных
C:\Study\ОС\operating-systems\3\ImageServiceDowloader\ImageServiceDowloader\StartApplication.cpp(206,73): warning C4267: инициализация: преобразование из "size_t" в "int"; возможна потеря данных
  Создание кода...
StartApplication.obj : error LNK2005: "public: __cdecl Link::Link(class std::basic_string<char,struct std::char_traits<char>,class std::allocator<char> >,class std::basic_string<char,struct std::char_traits<char>,class std::allocator<char> >)" (??0Link@@QEAA@V?$basic_string@DU?$char_traits@D@std@@V?$allocator@D@2@@std@@0@Z) уже определен в Link.obj
StartApplication.obj : error LNK2005: "public: __cdecl Queue::Queue(int)" (??0Queue@@QEAA@H@Z) уже определен в Queue.obj
StartApplication.obj : error LNK2005: "public: __cdecl Queue::~Queue(void)" (??1Queue@@QEAA@XZ) уже определен в Queue.obj
StartApplication.obj : error LNK2005: "class Link * __cdecl convertToImageLink(class std::basic_string<char,struct std::char_traits<char>,class std::allocator<char> >,int *,class std::basic_string<char,struct std::char_traits<char>,class std::allocator<char> > *)" (?convertToImageLink@@YAPEAVLink@@V?$basic_string@DU?$char_traits@D@std@@V?$allocator@D@2@@std@@PEAHPEAV23@@Z) уже определен в Link.obj
StartApplication.obj : error LNK2005: "public: int __cdecl Queue::pull(class Queue::Element *)" (?pull@Queue@@QEAAHPEAVElement@1@@Z) уже определен в Queue.obj
StartApplication.obj : error LNK2005: "public: int __cdecl Queue::put(class Queue::Element *,unsigned long)" (?put@Queue@@QEAAHPEAVElement@1@K@Z) уже определен в Queue.obj
C:\Study\ОС\operating-systems\3\ImageServiceDowloader\x64\Debug\ImageServiceDowloader.exe : fatal error LNK1169: обнаружен многократно определенный символ - один или более
