INFO  2020-11-30.11:15:04 : Socket is created successfully
INFO  2020-11-30.11:15:04 : Bind socket successfully on address: 127.0.0.1 and port: 5223
INFO  2020-11-30.11:15:04 : [00000138] : server is running on address:127.0.0.1, port:5223
INFO  2020-11-30.11:15:04 : Listening is run successfully
INFO  2020-11-30.11:15:04 : Server is run...
INFO  2020-11-30.11:15:04 : Background task is run successfully
INFO  2020-11-30.11:15:04 : [00000154] : idle
INFO  2020-11-30.11:15:05 : [00000154] : idle
INFO  2020-11-30.11:15:06 : [00000154] : idle
INFO  2020-11-30.11:15:07 : [00000154] : idle
INFO  2020-11-30.11:15:08 : [00000154] : idle
INFO  2020-11-30.11:15:09 : [00000154] : idle
INFO  2020-11-30.11:15:10 : [00000154] : idle
INFO  2020-11-30.11:15:11 : [00000154] : idle
INFO  2020-11-30.11:15:12 : [00000154] : idle
INFO  2020-11-30.11:15:13 : [00000154] : idle
INFO  2020-11-30.11:15:14 : [00000154] : idle
INFO  2020-11-30.11:15:15 : [00000154] : idle
INFO  2020-11-30.11:15:16 : [00000154] : idle
INFO  2020-11-30.11:15:17 : [00000154] : idle
INFO  2020-11-30.11:15:18 : [00000138] : accept new client address:127.0.0.1, port:52488
INFO  2020-11-30.11:15:18 : [00000154] : idle
INFO  2020-11-30.11:15:19 : [00000154] : idle
INFO  2020-11-30.11:15:20 : [00000154] : idle
INFO  2020-11-30.11:15:21 : [00000154] : idle
INFO  2020-11-30.11:15:23 : [00000154] : idle
INFO  2020-11-30.11:15:24 : [00000154] : idle
INFO  2020-11-30.11:15:24 : [00000138] : received message from address:127.0.0.1, port:52488: "mEcBOn9MA5"
INFO  2020-11-30.11:15:25 : [00000154] : idle
INFO  2020-11-30.11:15:25 : [00000138] : send message mEcBOn9MA5 to address:127.0.0.1, port:52488
INFO  2020-11-30.11:15:26 : [00000154] : idle
INFO  2020-11-30.11:15:27 : [00000154] : idle
INFO  2020-11-30.11:15:28 : [00000154] : idle
INFO  2020-11-30.11:15:28 : [00000138] : client address:127.0.0.1, port:52488 is disconnected successfully
INFO  2020-11-30.11:15:29 : [00000154] : idle
INFO  2020-11-30.11:15:30 : [00000154] : idle
INFO  2020-11-30.11:15:31 : [00000154] : idle
INFO  2020-11-30.11:15:32 : [00000154] : idle
INFO  2020-11-30.11:15:33 : [00000154] : idle
INFO  2020-11-30.11:15:34 : [00000154] : idle
INFO  2020-11-30.11:15:35 : [00000154] : idle
INFO  2020-11-30.11:15:36 : [00000154] : idle
INFO  2020-11-30.11:15:37 : [00000154] : idle
INFO  2020-11-30.11:15:38 : [00000154] : idle
INFO  2020-11-30.11:15:39 : [00000154] : idle
INFO  2020-11-30.11:15:40 : [00000154] : idle
INFO  2020-11-30.11:15:41 : [00000154] : idle
INFO  2020-11-30.11:15:42 : [00000154] : idle
INFO  2020-11-30.11:15:43 : [00000154] : idle
INFO  2020-11-30.11:15:44 : [00000154] : idle
INFO  2020-11-30.11:15:45 : [00000154] : idle
INFO  2020-11-30.11:15:46 : [00000154] : idle
INFO  2020-11-30.11:15:47 : [00000154] : idle
INFO  2020-11-30.11:15:48 : [00000154] : idle
INFO  2020-11-30.11:15:49 : [00000154] : idle
INFO  2020-11-30.11:15:50 : [00000154] : idle
INFO  2020-11-30.11:15:51 : [00000154] : idle
INFO  2020-11-30.11:15:52 : [00000154] : idle
INFO  2020-11-30.11:15:53 : [00000154] : idle
INFO  2020-11-30.11:15:54 : [00000154] : idle
INFO  2020-11-30.11:15:55 : [00000154] : idle
INFO  2020-11-30.11:15:56 : [00000154] : idle
INFO  2020-11-30.11:15:57 : [00000154] : idle
INFO  2020-11-30.11:15:58 : [00000154] : idle
INFO  2020-11-30.11:15:59 : [00000154] : idle
INFO  2020-11-30.11:16:00 : [00000154] : idle
INFO  2020-11-30.11:16:01 : [00000154] : idle
INFO  2020-11-30.11:16:02 : [00000154] : idle
INFO  2020-11-30.11:16:03 : [00000154] : idle
INFO  2020-11-30.11:16:04 : [00000154] : idle
INFO  2020-11-30.11:16:05 : [00000154] : idle
INFO  2020-11-30.11:16:06 : [00000154] : idle
INFO  2020-11-30.11:16:07 : [00000154] : idle
INFO  2020-11-30.11:16:08 : [00000154] : idle
INFO  2020-11-30.11:16:09 : [00000154] : idle
INFO  2020-11-30.11:16:10 : [00000154] : idle
INFO  2020-11-30.11:16:11 : [00000154] : idle
INFO  2020-11-30.11:16:12 : [00000154] : idle
INFO  2020-11-30.11:16:13 : [00000154] : idle
INFO  2020-11-30.11:16:14 : [00000154] : idle
INFO  2020-11-30.11:16:15 : [00000154] : idle
INFO  2020-11-30.11:16:16 : [00000154] : idle
INFO  2020-11-30.11:16:17 : [00000154] : idle
INFO  2020-11-30.11:16:18 : [00000154] : idle
INFO  2020-11-30.11:16:19 : [00000154] : idle
INFO  2020-11-30.11:16:20 : [00000154] : idle
INFO  2020-11-30.11:16:21 : [00000154] : idle
INFO  2020-11-30.11:16:22 : [00000154] : idle
INFO  2020-11-30.11:16:23 : [00000154] : idle
INFO  2020-11-30.11:16:24 : [00000154] : idle
INFO  2020-11-30.11:16:25 : [00000154] : idle
INFO  2020-11-30.11:16:26 : [00000154] : idle
INFO  2020-11-30.11:16:27 : [00000154] : idle
INFO  2020-11-30.11:16:28 : [00000154] : idle
INFO  2020-11-30.11:16:29 : [00000154] : idle
INFO  2020-11-30.11:16:30 : [00000154] : idle
INFO  2020-11-30.11:16:31 : [00000154] : idle
INFO  2020-11-30.11:16:32 : [00000154] : idle
INFO  2020-11-30.11:16:33 : [00000154] : idle
INFO  2020-11-30.11:16:34 : [00000154] : idle
INFO  2020-11-30.11:16:35 : [00000154] : idle
INFO  2020-11-30.11:16:36 : [00000154] : idle
INFO  2020-11-30.11:16:37 : [00000154] : idle
INFO  2020-11-30.11:16:38 : [00000154] : idle
INFO  2020-11-30.11:16:39 : [00000154] : idle
INFO  2020-11-30.11:16:40 : [00000154] : idle
INFO  2020-11-30.11:16:41 : [00000154] : idle
INFO  2020-11-30.11:16:42 : [00000154] : idle
INFO  2020-11-30.11:16:43 : [00000154] : idle
INFO  2020-11-30.11:16:44 : [00000154] : idle
INFO  2020-11-30.11:16:45 : [00000154] : idle
INFO  2020-11-30.11:16:46 : [00000154] : idle
INFO  2020-11-30.11:16:47 : [00000154] : idle
INFO  2020-11-30.11:16:48 : [00000154] : idle
INFO  2020-11-30.11:16:49 : [00000154] : idle
INFO  2020-11-30.11:16:50 : [00000154] : idle
INFO  2020-11-30.11:16:51 : [00000154] : idle
INFO  2020-11-30.11:16:52 : [00000154] : idle
INFO  2020-11-30.11:16:53 : [00000154] : idle
INFO  2020-11-30.11:16:54 : [00000154] : idle
INFO  2020-11-30.11:16:55 : [00000154] : idle
INFO  2020-11-30.11:16:56 : [00000154] : idle
INFO  2020-11-30.11:16:57 : [00000154] : idle
INFO  2020-11-30.11:16:58 : [00000154] : idle
INFO  2020-11-30.11:16:59 : [00000154] : idle
INFO  2020-11-30.11:17:00 : [00000154] : idle
INFO  2020-11-30.11:17:01 : [00000154] : idle
INFO  2020-11-30.11:17:02 : [00000154] : idle
INFO  2020-11-30.11:17:03 : [00000154] : idle
INFO  2020-11-30.11:17:04 : [00000154] : idle
INFO  2020-11-30.11:17:05 : [00000154] : idle
INFO  2020-11-30.11:17:06 : [00000154] : idle
INFO  2020-11-30.11:17:07 : [00000154] : idle
INFO  2020-11-30.11:17:08 : [00000154] : idle
INFO  2020-11-30.11:17:09 : [00000154] : idle
INFO  2020-11-30.11:17:10 : [00000154] : idle
INFO  2020-11-30.11:17:11 : [00000154] : idle
INFO  2020-11-30.11:17:12 : [00000154] : idle
INFO  2020-11-30.11:17:13 : [00000154] : idle
INFO  2020-11-30.11:17:14 : [00000154] : idle
INFO  2020-11-30.11:17:15 : [00000154] : idle
INFO  2020-11-30.11:17:16 : [00000154] : idle
INFO  2020-11-30.11:17:17 : [00000154] : idle
INFO  2020-11-30.11:17:18 : [00000154] : idle
INFO  2020-11-30.11:17:20 : [00000154] : idle
INFO  2020-11-30.11:17:21 : [00000154] : idle
INFO  2020-11-30.11:17:22 : [00000154] : idle
INFO  2020-11-30.11:17:23 : [00000154] : idle
INFO  2020-11-30.11:17:24 : [00000154] : idle
INFO  2020-11-30.11:17:25 : [00000154] : idle
INFO  2020-11-30.11:17:26 : [00000154] : idle
INFO  2020-11-30.11:17:27 : [00000154] : idle
INFO  2020-11-30.11:17:28 : [00000154] : idle
INFO  2020-11-30.11:17:29 : [00000154] : idle
INFO  2020-11-30.11:17:30 : [00000154] : idle
INFO  2020-11-30.11:17:31 : [00000154] : idle
INFO  2020-11-30.11:17:32 : [00000154] : idle
INFO  2020-11-30.11:17:33 : [00000154] : idle
INFO  2020-11-30.11:17:34 : [00000154] : idle
INFO  2020-11-30.11:17:35 : [00000154] : idle
INFO  2020-11-30.11:17:36 : [00000154] : idle
INFO  2020-11-30.11:17:37 : [00000154] : idle
INFO  2020-11-30.11:17:38 : [00000154] : idle
INFO  2020-11-30.11:17:39 : [00000154] : idle
INFO  2020-11-30.11:17:40 : [00000154] : idle
INFO  2020-11-30.11:17:41 : [00000154] : idle
INFO  2020-11-30.11:17:42 : [00000154] : idle
INFO  2020-11-30.11:17:43 : [00000154] : idle
INFO  2020-11-30.11:17:44 : [00000154] : idle
INFO  2020-11-30.11:17:45 : [00000154] : idle
INFO  2020-11-30.11:17:46 : [00000154] : idle
INFO  2020-11-30.11:17:47 : [00000154] : idle
INFO  2020-11-30.11:17:48 : [00000154] : idle
INFO  2020-11-30.11:17:49 : [00000154] : idle
INFO  2020-11-30.11:17:50 : [00000154] : idle
INFO  2020-11-30.11:17:51 : [00000154] : idle
INFO  2020-11-30.11:17:52 : [00000154] : idle
INFO  2020-11-30.11:17:53 : [00000154] : idle
INFO  2020-11-30.11:17:54 : [00000154] : idle
INFO  2020-11-30.11:17:55 : [00000154] : idle
INFO  2020-11-30.11:17:56 : [00000154] : idle
INFO  2020-11-30.11:17:57 : [00000154] : idle
INFO  2020-11-30.11:17:58 : [00000154] : idle
INFO  2020-11-30.11:17:59 : [00000154] : idle
INFO  2020-11-30.11:18:00 : [00000154] : idle
INFO  2020-11-30.11:18:01 : [00000154] : idle
INFO  2020-11-30.11:18:02 : [00000154] : idle
INFO  2020-11-30.11:18:03 : [00000154] : idle
INFO  2020-11-30.11:18:04 : [00000154] : idle
INFO  2020-11-30.11:18:05 : [00000154] : idle
INFO  2020-11-30.11:18:06 : [00000154] : idle
INFO  2020-11-30.11:18:07 : [00000154] : idle
INFO  2020-11-30.11:18:08 : [00000154] : idle
INFO  2020-11-30.11:18:09 : [00000154] : idle
INFO  2020-11-30.11:18:10 : [00000154] : idle
INFO  2020-11-30.11:18:11 : [00000154] : idle
INFO  2020-11-30.11:18:12 : [00000154] : idle
INFO  2020-11-30.11:18:13 : [00000154] : idle
INFO  2020-11-30.11:18:14 : [00000154] : idle
INFO  2020-11-30.11:18:15 : [00000154] : idle
INFO  2020-11-30.11:18:16 : [00000154] : idle
INFO  2020-11-30.11:18:17 : [00000154] : idle
INFO  2020-11-30.11:18:18 : [00000154] : idle
INFO  2020-11-30.11:18:19 : [00000154] : idle
INFO  2020-11-30.11:18:20 : [00000154] : idle
INFO  2020-11-30.11:18:21 : [00000154] : idle
INFO  2020-11-30.11:18:22 : [00000154] : idle
INFO  2020-11-30.11:18:23 : [00000154] : idle
INFO  2020-11-30.11:18:24 : [00000154] : idle
INFO  2020-11-30.11:18:25 : [00000154] : idle
INFO  2020-11-30.11:18:26 : [00000154] : idle
INFO  2020-11-30.11:18:27 : [00000154] : idle
INFO  2020-11-30.11:18:28 : [00000154] : idle
INFO  2020-11-30.11:18:29 : [00000154] : idle
INFO  2020-11-30.11:18:30 : [00000154] : idle
INFO  2020-11-30.11:18:31 : [00000154] : idle
INFO  2020-11-30.11:18:32 : [00000154] : idle
INFO  2020-11-30.11:18:33 : [00000154] : idle
INFO  2020-11-30.11:18:34 : [00000154] : idle
INFO  2020-11-30.11:18:35 : [00000154] : idle
INFO  2020-11-30.11:18:36 : [00000154] : idle
INFO  2020-11-30.11:18:37 : [00000154] : idle
INFO  2020-11-30.11:18:38 : [00000154] : idle
INFO  2020-11-30.11:18:39 : [00000154] : idle
INFO  2020-11-30.11:18:40 : [00000154] : idle
INFO  2020-11-30.11:18:41 : [00000154] : idle
INFO  2020-11-30.11:18:42 : [00000154] : idle
INFO  2020-11-30.11:18:43 : [00000154] : idle
INFO  2020-11-30.11:18:44 : [00000154] : idle
INFO  2020-11-30.11:18:45 : [00000154] : idle
INFO  2020-11-30.11:18:46 : [00000154] : idle
INFO  2020-11-30.11:18:47 : [00000154] : idle
INFO  2020-11-30.11:18:48 : [00000154] : idle
INFO  2020-11-30.11:18:49 : [00000154] : idle
INFO  2020-11-30.11:18:50 : [00000154] : idle
INFO  2020-11-30.11:18:51 : [00000154] : idle
INFO  2020-11-30.11:18:52 : [00000154] : idle
INFO  2020-11-30.11:18:53 : [00000154] : idle
INFO  2020-11-30.11:18:54 : [00000154] : idle
INFO  2020-11-30.11:18:55 : [00000154] : idle
INFO  2020-11-30.11:18:56 : [00000154] : idle
INFO  2020-11-30.11:18:57 : [00000154] : idle
INFO  2020-11-30.11:18:58 : [00000154] : idle
INFO  2020-11-30.11:18:59 : [00000154] : idle
INFO  2020-11-30.11:19:00 : [00000154] : idle
INFO  2020-11-30.11:19:01 : [00000154] : idle
INFO  2020-11-30.11:19:02 : [00000154] : idle
INFO  2020-11-30.11:19:03 : [00000154] : idle
INFO  2020-11-30.11:19:04 : [00000154] : idle
INFO  2020-11-30.11:19:05 : [00000154] : idle
INFO  2020-11-30.11:19:07 : [00000154] : idle
INFO  2020-11-30.11:19:08 : [00000154] : idle
INFO  2020-11-30.11:19:09 : [00000154] : idle
INFO  2020-11-30.11:19:10 : [00000154] : idle
INFO  2020-11-30.11:19:11 : [00000154] : idle
INFO  2020-11-30.11:19:12 : [00000154] : idle
INFO  2020-11-30.11:19:13 : [00000154] : idle
INFO  2020-11-30.11:19:14 : [00000154] : idle
INFO  2020-11-30.11:19:15 : [00000154] : idle
INFO  2020-11-30.11:19:16 : [00000154] : idle
INFO  2020-11-30.11:19:17 : [00000154] : idle
INFO  2020-11-30.11:19:18 : [00000154] : idle
INFO  2020-11-30.11:19:19 : [00000154] : idle
INFO  2020-11-30.11:19:20 : [00000154] : idle
INFO  2020-11-30.11:19:21 : [00000154] : idle
INFO  2020-11-30.11:19:22 : [00000154] : idle
INFO  2020-11-30.11:19:23 : [00000154] : idle
INFO  2020-11-30.11:19:24 : [00000154] : idle
INFO  2020-11-30.11:19:25 : [00000154] : idle
INFO  2020-11-30.11:19:26 : [00000154] : idle
INFO  2020-11-30.11:19:27 : [00000154] : idle
INFO  2020-11-30.11:19:28 : [00000154] : idle
INFO  2020-11-30.11:19:29 : [00000154] : idle
INFO  2020-11-30.11:19:30 : [00000154] : idle
INFO  2020-11-30.11:19:31 : [00000154] : idle
INFO  2020-11-30.11:19:32 : [00000154] : idle
INFO  2020-11-30.11:19:33 : [00000154] : idle
INFO  2020-11-30.11:19:34 : [00000154] : idle
INFO  2020-11-30.11:19:35 : [00000154] : idle
INFO  2020-11-30.11:19:36 : [00000154] : idle
INFO  2020-11-30.11:19:37 : [00000154] : idle
INFO  2020-11-30.11:19:38 : [00000154] : idle
INFO  2020-11-30.11:19:39 : [00000154] : idle
INFO  2020-11-30.11:19:40 : [00000154] : idle
INFO  2020-11-30.11:19:41 : [00000154] : idle
INFO  2020-11-30.11:19:42 : [00000154] : idle
INFO  2020-11-30.11:19:43 : [00000154] : idle
INFO  2020-11-30.11:19:44 : [00000154] : idle
INFO  2020-11-30.11:19:45 : [00000154] : idle
INFO  2020-11-30.11:19:46 : [00000154] : idle
INFO  2020-11-30.11:19:47 : [00000154] : idle
INFO  2020-11-30.11:19:48 : [00000154] : idle
INFO  2020-11-30.11:19:49 : [00000154] : idle
INFO  2020-11-30.11:19:50 : [00000154] : idle
INFO  2020-11-30.11:19:51 : [00000154] : idle
INFO  2020-11-30.11:19:52 : [00000154] : idle
INFO  2020-11-30.11:19:53 : [00000154] : idle
INFO  2020-11-30.11:19:54 : [00000154] : idle
INFO  2020-11-30.11:19:55 : [00000154] : idle
INFO  2020-11-30.11:19:56 : [00000154] : idle
INFO  2020-11-30.11:19:57 : [00000154] : idle
INFO  2020-11-30.11:19:58 : [00000154] : idle
INFO  2020-11-30.11:19:59 : [00000154] : idle
INFO  2020-11-30.11:20:00 : [00000154] : idle
INFO  2020-11-30.11:20:01 : [00000154] : idle
INFO  2020-11-30.11:20:02 : [00000154] : idle
INFO  2020-11-30.11:20:03 : [00000154] : idle
INFO  2020-11-30.11:20:04 : [00000154] : idle
INFO  2020-11-30.11:20:05 : [00000154] : idle
INFO  2020-11-30.11:20:06 : [00000154] : idle
INFO  2020-11-30.11:20:07 : [00000154] : idle
INFO  2020-11-30.11:20:08 : [00000154] : idle
INFO  2020-11-30.11:20:09 : [00000154] : idle
INFO  2020-11-30.11:20:10 : [00000154] : idle
INFO  2020-11-30.11:20:11 : [00000154] : idle
INFO  2020-11-30.11:20:12 : [00000154] : idle
INFO  2020-11-30.11:20:13 : [00000154] : idle
INFO  2020-11-30.11:20:14 : [00000154] : idle
INFO  2020-11-30.11:20:15 : [00000154] : idle
INFO  2020-11-30.11:20:16 : [00000154] : idle
INFO  2020-11-30.11:20:17 : [00000154] : idle
INFO  2020-11-30.11:20:18 : [00000154] : idle
INFO  2020-11-30.11:20:19 : [00000154] : idle
INFO  2020-11-30.11:20:20 : [00000154] : idle
INFO  2020-11-30.11:20:21 : [00000154] : idle
INFO  2020-11-30.11:20:22 : [00000154] : idle
INFO  2020-11-30.11:20:23 : [00000154] : idle
INFO  2020-11-30.11:20:24 : [00000154] : idle
INFO  2020-11-30.11:20:25 : [00000154] : idle
INFO  2020-11-30.11:20:26 : [00000154] : idle
INFO  2020-11-30.11:20:27 : [00000154] : idle
INFO  2020-11-30.11:20:28 : [00000154] : idle
INFO  2020-11-30.11:20:29 : [00000154] : idle
INFO  2020-11-30.11:20:30 : [00000154] : idle
INFO  2020-11-30.11:20:31 : [00000154] : idle
INFO  2020-11-30.11:20:32 : [00000154] : idle
INFO  2020-11-30.11:20:33 : [00000154] : idle
INFO  2020-11-30.11:20:34 : [00000154] : idle
INFO  2020-11-30.11:20:35 : [00000154] : idle
INFO  2020-11-30.11:20:36 : [00000154] : idle
INFO  2020-11-30.11:20:37 : [00000154] : idle
INFO  2020-11-30.11:20:38 : [00000154] : idle
INFO  2020-11-30.11:20:39 : [00000154] : idle
INFO  2020-11-30.11:20:40 : [00000154] : idle
INFO  2020-11-30.11:20:41 : [00000154] : idle
INFO  2020-11-30.11:20:42 : [00000154] : idle
INFO  2020-11-30.11:20:43 : [00000154] : idle
INFO  2020-11-30.11:20:44 : [00000154] : idle
INFO  2020-11-30.11:20:45 : [00000154] : idle
INFO  2020-11-30.11:20:46 : [00000154] : idle
INFO  2020-11-30.11:20:47 : [00000154] : idle
INFO  2020-11-30.11:20:48 : [00000154] : idle
INFO  2020-11-30.11:20:49 : [00000154] : idle
INFO  2020-11-30.11:20:50 : [00000154] : idle
INFO  2020-11-30.11:20:51 : [00000154] : idle
INFO  2020-11-30.11:20:52 : [00000154] : idle
INFO  2020-11-30.11:20:53 : [00000154] : idle
INFO  2020-11-30.11:20:54 : [00000154] : idle
INFO  2020-11-30.11:20:55 : [00000154] : idle
INFO  2020-11-30.11:20:56 : [00000154] : idle
INFO  2020-11-30.11:20:57 : [00000154] : idle
INFO  2020-11-30.11:20:58 : [00000154] : idle
INFO  2020-11-30.11:20:59 : [00000154] : idle
INFO  2020-11-30.11:21:00 : [00000154] : idle
INFO  2020-11-30.11:21:01 : [00000154] : idle
INFO  2020-11-30.11:21:02 : [00000154] : idle
INFO  2020-11-30.11:21:03 : [00000154] : idle
INFO  2020-11-30.11:21:04 : [00000154] : idle
INFO  2020-11-30.11:21:05 : [00000154] : idle
INFO  2020-11-30.11:21:06 : [00000154] : idle
INFO  2020-11-30.11:21:07 : [00000154] : idle
INFO  2020-11-30.11:21:08 : [00000154] : idle
INFO  2020-11-30.11:21:09 : [00000154] : idle
INFO  2020-11-30.11:21:10 : [00000154] : idle
INFO  2020-11-30.11:21:11 : [00000154] : idle
INFO  2020-11-30.11:21:12 : [00000154] : idle
INFO  2020-11-30.11:21:13 : [00000154] : idle
INFO  2020-11-30.11:21:14 : [00000154] : idle
INFO  2020-11-30.11:21:16 : [00000154] : idle
INFO  2020-11-30.11:21:17 : [00000154] : idle
INFO  2020-11-30.11:21:18 : [00000154] : idle
INFO  2020-11-30.11:21:19 : [00000154] : idle
INFO  2020-11-30.11:21:20 : [00000154] : idle
INFO  2020-11-30.11:21:21 : [00000154] : idle
INFO  2020-11-30.11:21:22 : [00000154] : idle
INFO  2020-11-30.11:21:23 : [00000154] : idle
INFO  2020-11-30.11:21:24 : [00000154] : idle
INFO  2020-11-30.11:21:25 : [00000154] : idle
INFO  2020-11-30.11:21:26 : [00000154] : idle
INFO  2020-11-30.11:21:27 : [00000154] : idle
INFO  2020-11-30.11:21:28 : [00000154] : idle
INFO  2020-11-30.11:21:29 : [00000154] : idle
INFO  2020-11-30.11:21:30 : [00000154] : idle
INFO  2020-11-30.11:21:31 : [00000154] : idle
INFO  2020-11-30.11:21:32 : [00000154] : idle
INFO  2020-11-30.11:21:33 : [00000154] : idle
INFO  2020-11-30.11:21:34 : [00000154] : idle
INFO  2020-11-30.11:21:35 : [00000154] : idle
INFO  2020-11-30.11:21:36 : [00000154] : idle
INFO  2020-11-30.11:21:37 : [00000154] : idle
INFO  2020-11-30.11:21:38 : [00000154] : idle
INFO  2020-11-30.11:21:39 : [00000154] : idle
INFO  2020-11-30.11:21:40 : [00000154] : idle
INFO  2020-11-30.11:21:41 : [00000154] : idle
INFO  2020-11-30.11:21:42 : [00000154] : idle
INFO  2020-11-30.11:21:43 : [00000154] : idle
INFO  2020-11-30.11:21:44 : [00000154] : idle
INFO  2020-11-30.11:21:45 : [00000154] : idle
INFO  2020-11-30.11:21:46 : [00000154] : idle
INFO  2020-11-30.11:21:47 : [00000154] : idle
INFO  2020-11-30.11:21:48 : [00000154] : idle
INFO  2020-11-30.11:21:49 : [00000154] : idle
INFO  2020-11-30.11:21:50 : [00000154] : idle
INFO  2020-11-30.11:21:51 : [00000154] : idle
INFO  2020-11-30.11:21:52 : [00000154] : idle
INFO  2020-11-30.11:21:53 : [00000154] : idle
INFO  2020-11-30.11:21:54 : [00000154] : idle
INFO  2020-11-30.11:21:55 : [00000154] : idle
INFO  2020-11-30.11:21:56 : [00000154] : idle
INFO  2020-11-30.11:21:57 : [00000154] : idle
INFO  2020-11-30.11:21:58 : [00000154] : idle
INFO  2020-11-30.11:21:59 : [00000154] : idle
INFO  2020-11-30.11:22:00 : [00000154] : idle
INFO  2020-11-30.11:22:01 : [00000154] : idle
INFO  2020-11-30.11:22:02 : [00000154] : idle
INFO  2020-11-30.11:22:03 : [00000154] : idle
INFO  2020-11-30.11:22:04 : [00000154] : idle
INFO  2020-11-30.11:22:05 : [00000154] : idle
INFO  2020-11-30.11:22:06 : [00000154] : idle
INFO  2020-11-30.11:22:07 : [00000154] : idle
INFO  2020-11-30.11:22:08 : [00000154] : idle
INFO  2020-11-30.11:22:09 : [00000154] : idle
INFO  2020-11-30.11:22:10 : [00000154] : idle
INFO  2020-11-30.11:22:11 : [00000154] : idle
INFO  2020-11-30.11:22:12 : [00000154] : idle
INFO  2020-11-30.11:22:13 : [00000154] : idle
INFO  2020-11-30.11:22:14 : [00000154] : idle
INFO  2020-11-30.11:22:15 : [00000154] : idle
INFO  2020-11-30.11:22:16 : [00000154] : idle
INFO  2020-11-30.11:22:17 : [00000154] : idle
INFO  2020-11-30.11:22:18 : [00000154] : idle
INFO  2020-11-30.11:22:19 : [00000154] : idle
INFO  2020-11-30.11:22:20 : [00000154] : idle
INFO  2020-11-30.11:22:21 : [00000154] : idle
INFO  2020-11-30.11:22:22 : [00000154] : idle
INFO  2020-11-30.11:22:23 : [00000154] : idle
INFO  2020-11-30.11:22:24 : [00000154] : idle
INFO  2020-11-30.11:22:25 : [00000154] : idle
INFO  2020-11-30.11:22:26 : [00000154] : idle
INFO  2020-11-30.11:22:27 : [00000154] : idle
INFO  2020-11-30.11:22:28 : [00000154] : idle
INFO  2020-11-30.11:22:29 : [00000154] : idle
INFO  2020-11-30.11:22:30 : [00000154] : idle
INFO  2020-11-30.11:22:31 : [00000154] : idle
INFO  2020-11-30.11:22:32 : [00000154] : idle
INFO  2020-11-30.11:22:33 : [00000154] : idle
INFO  2020-11-30.11:22:34 : [00000154] : idle
INFO  2020-11-30.11:22:35 : [00000154] : idle
INFO  2020-11-30.11:22:36 : [00000154] : idle
INFO  2020-11-30.11:22:37 : [00000154] : idle
INFO  2020-11-30.11:22:38 : [00000154] : idle
INFO  2020-11-30.11:22:39 : [00000154] : idle
INFO  2020-11-30.11:22:40 : [00000154] : idle
INFO  2020-11-30.11:22:41 : [00000154] : idle
INFO  2020-11-30.11:22:42 : [00000154] : idle
INFO  2020-11-30.11:22:43 : [00000154] : idle
INFO  2020-11-30.11:22:44 : [00000154] : idle
INFO  2020-11-30.11:22:45 : [00000154] : idle
INFO  2020-11-30.11:22:46 : [00000154] : idle
INFO  2020-11-30.11:22:47 : [00000154] : idle
INFO  2020-11-30.11:22:48 : [00000154] : idle
INFO  2020-11-30.11:22:49 : [00000154] : idle
INFO  2020-11-30.11:22:50 : [00000154] : idle
INFO  2020-11-30.11:22:51 : [00000154] : idle
INFO  2020-11-30.11:22:52 : [00000154] : idle
INFO  2020-11-30.11:22:53 : [00000154] : idle
INFO  2020-11-30.11:22:54 : [00000154] : idle
INFO  2020-11-30.11:22:55 : [00000154] : idle
INFO  2020-11-30.11:22:56 : [00000154] : idle
INFO  2020-11-30.11:22:57 : [00000154] : idle
INFO  2020-11-30.11:22:58 : [00000154] : idle
INFO  2020-11-30.11:22:59 : [00000154] : idle
INFO  2020-11-30.11:23:00 : [00000154] : idle
INFO  2020-11-30.11:23:01 : [00000154] : idle
INFO  2020-11-30.11:23:02 : [00000154] : idle
INFO  2020-11-30.11:23:03 : [00000154] : idle
INFO  2020-11-30.11:23:04 : [00000154] : idle
INFO  2020-11-30.11:23:05 : [00000154] : idle
INFO  2020-11-30.11:23:06 : [00000154] : idle
INFO  2020-11-30.11:23:07 : [00000154] : idle
INFO  2020-11-30.11:23:08 : [00000154] : idle
INFO  2020-11-30.11:23:09 : [00000154] : idle
INFO  2020-11-30.11:23:10 : [00000154] : idle
INFO  2020-11-30.11:23:11 : [00000154] : idle
INFO  2020-11-30.11:23:12 : [00000154] : idle
INFO  2020-11-30.11:23:13 : [00000154] : idle
INFO  2020-11-30.11:23:14 : [00000154] : idle
INFO  2020-11-30.11:23:15 : [00000154] : idle
INFO  2020-11-30.11:23:16 : [00000154] : idle
INFO  2020-11-30.11:23:17 : [00000154] : idle
INFO  2020-11-30.11:23:18 : [00000154] : idle
INFO  2020-11-30.11:23:19 : [00000154] : idle
INFO  2020-11-30.11:23:20 : [00000154] : idle
INFO  2020-11-30.11:23:21 : [00000154] : idle
INFO  2020-11-30.11:23:22 : [00000154] : idle
INFO  2020-11-30.11:23:23 : [00000154] : idle
INFO  2020-11-30.11:23:24 : [00000154] : idle
INFO  2020-11-30.11:23:25 : [00000154] : idle
INFO  2020-11-30.11:23:26 : [00000154] : idle
INFO  2020-11-30.11:23:27 : [00000154] : idle
INFO  2020-11-30.11:23:28 : [00000154] : idle
INFO  2020-11-30.11:23:29 : [00000154] : idle
INFO  2020-11-30.11:23:30 : [00000154] : idle
INFO  2020-11-30.11:23:31 : [00000154] : idle
INFO  2020-11-30.11:23:32 : [00000154] : idle
INFO  2020-11-30.11:23:33 : [00000154] : idle
INFO  2020-11-30.11:23:34 : [00000154] : idle
INFO  2020-11-30.11:23:36 : [00000154] : idle
INFO  2020-11-30.11:23:37 : [00000154] : idle
INFO  2020-11-30.11:23:38 : [00000154] : idle
INFO  2020-11-30.11:23:39 : [00000154] : idle
INFO  2020-11-30.11:23:40 : [00000154] : idle
INFO  2020-11-30.11:23:41 : [00000154] : idle
INFO  2020-11-30.11:23:42 : [00000154] : idle
INFO  2020-11-30.11:23:43 : [00000154] : idle
INFO  2020-11-30.11:23:44 : [00000154] : idle
INFO  2020-11-30.11:23:45 : [00000154] : idle
INFO  2020-11-30.11:23:46 : [00000154] : idle
INFO  2020-11-30.11:23:47 : [00000154] : idle
INFO  2020-11-30.11:23:48 : [00000154] : idle
INFO  2020-11-30.11:23:49 : [00000154] : idle
INFO  2020-11-30.11:23:50 : [00000154] : idle
INFO  2020-11-30.11:23:51 : [00000154] : idle
INFO  2020-11-30.11:23:52 : [00000154] : idle
INFO  2020-11-30.11:23:53 : [00000154] : idle
INFO  2020-11-30.11:23:54 : [00000154] : idle
INFO  2020-11-30.11:23:55 : [00000154] : idle
INFO  2020-11-30.11:23:56 : [00000154] : idle
INFO  2020-11-30.11:23:57 : [00000154] : idle
INFO  2020-11-30.11:23:58 : [00000154] : idle
INFO  2020-11-30.11:23:59 : [00000154] : idle
INFO  2020-11-30.11:24:00 : [00000154] : idle
INFO  2020-11-30.11:24:01 : [00000154] : idle
INFO  2020-11-30.11:24:02 : [00000154] : idle
INFO  2020-11-30.11:24:03 : [00000154] : idle
INFO  2020-11-30.11:24:04 : [00000154] : idle
INFO  2020-11-30.11:24:05 : [00000154] : idle
INFO  2020-11-30.11:24:06 : [00000154] : idle
INFO  2020-11-30.11:24:07 : [00000154] : idle
INFO  2020-11-30.11:24:08 : [00000154] : idle
INFO  2020-11-30.11:24:09 : [00000154] : idle
INFO  2020-11-30.11:24:10 : [00000154] : idle
INFO  2020-11-30.11:24:11 : [00000154] : idle
INFO  2020-11-30.11:24:12 : [00000154] : idle
INFO  2020-11-30.11:24:13 : [00000154] : idle
INFO  2020-11-30.11:24:14 : [00000154] : idle
INFO  2020-11-30.11:24:15 : [00000154] : idle
INFO  2020-11-30.11:24:16 : [00000154] : idle
INFO  2020-11-30.11:24:17 : [00000154] : idle
INFO  2020-11-30.11:24:18 : [00000154] : idle
INFO  2020-11-30.11:24:19 : [00000154] : idle
INFO  2020-11-30.11:24:20 : [00000154] : idle
INFO  2020-11-30.11:24:21 : [00000154] : idle
INFO  2020-11-30.11:24:22 : [00000154] : idle
INFO  2020-11-30.11:24:23 : [00000154] : idle
INFO  2020-11-30.11:24:24 : [00000154] : idle
INFO  2020-11-30.11:24:25 : [00000154] : idle
INFO  2020-11-30.11:24:26 : [00000154] : idle
INFO  2020-11-30.11:24:27 : [00000154] : idle
INFO  2020-11-30.11:24:28 : [00000154] : idle
INFO  2020-11-30.11:24:29 : [00000154] : idle
INFO  2020-11-30.11:24:30 : [00000154] : idle
INFO  2020-11-30.11:24:31 : [00000154] : idle
INFO  2020-11-30.11:24:32 : [00000154] : idle
INFO  2020-11-30.11:24:33 : [00000154] : idle
INFO  2020-11-30.11:24:34 : [00000154] : idle
INFO  2020-11-30.11:24:35 : [00000154] : idle
INFO  2020-11-30.11:24:36 : [00000154] : idle
INFO  2020-11-30.11:24:37 : [00000154] : idle
INFO  2020-11-30.11:24:38 : [00000154] : idle
INFO  2020-11-30.11:24:39 : [00000154] : idle
INFO  2020-11-30.11:24:40 : [00000154] : idle
INFO  2020-11-30.11:24:41 : [00000154] : idle
INFO  2020-11-30.11:24:42 : [00000154] : idle
INFO  2020-11-30.11:24:43 : [00000154] : idle
INFO  2020-11-30.11:24:44 : [00000154] : idle
INFO  2020-11-30.11:24:45 : [00000154] : idle
INFO  2020-11-30.11:24:46 : [00000154] : idle
INFO  2020-11-30.11:24:47 : [00000154] : idle
INFO  2020-11-30.11:24:48 : [00000154] : idle
INFO  2020-11-30.11:24:49 : [00000154] : idle
INFO  2020-11-30.11:24:50 : [00000154] : idle
INFO  2020-11-30.11:24:51 : [00000154] : idle
INFO  2020-11-30.11:24:52 : [00000154] : idle
INFO  2020-11-30.11:24:53 : [00000154] : idle
INFO  2020-11-30.11:24:54 : [00000154] : idle
INFO  2020-11-30.11:24:55 : [00000154] : idle
INFO  2020-11-30.11:24:56 : [00000154] : idle
INFO  2020-11-30.11:24:57 : [00000154] : idle
INFO  2020-11-30.11:24:58 : [00000154] : idle
INFO  2020-11-30.11:24:59 : [00000154] : idle
INFO  2020-11-30.11:25:00 : [00000154] : idle
INFO  2020-11-30.11:25:01 : [00000154] : idle
INFO  2020-11-30.11:25:02 : [00000154] : idle
INFO  2020-11-30.11:25:03 : [00000154] : idle
INFO  2020-11-30.11:25:04 : [00000154] : idle
INFO  2020-11-30.11:25:05 : [00000154] : idle
INFO  2020-11-30.11:25:06 : [00000154] : idle
INFO  2020-11-30.11:25:07 : [00000154] : idle
INFO  2020-11-30.11:25:08 : [00000154] : idle
INFO  2020-11-30.11:25:09 : [00000154] : idle
INFO  2020-11-30.11:25:10 : [00000154] : idle
INFO  2020-11-30.11:25:11 : [00000154] : idle
INFO  2020-11-30.11:25:12 : [00000154] : idle
INFO  2020-11-30.11:25:13 : [00000154] : idle
INFO  2020-11-30.11:25:14 : [00000154] : idle
INFO  2020-11-30.11:25:15 : [00000154] : idle
INFO  2020-11-30.11:25:16 : [00000154] : idle
INFO  2020-11-30.11:25:17 : [00000154] : idle
INFO  2020-11-30.11:25:18 : [00000154] : idle
INFO  2020-11-30.11:25:19 : [00000154] : idle
INFO  2020-11-30.11:25:20 : [00000154] : idle
INFO  2020-11-30.11:25:21 : [00000154] : idle
INFO  2020-11-30.11:25:22 : [00000154] : idle
INFO  2020-11-30.11:25:23 : [00000154] : idle
INFO  2020-11-30.11:25:24 : [00000154] : idle
INFO  2020-11-30.11:25:25 : [00000154] : idle
INFO  2020-11-30.11:25:26 : [00000154] : idle
INFO  2020-11-30.11:25:27 : [00000154] : idle
INFO  2020-11-30.11:25:28 : [00000154] : idle
INFO  2020-11-30.11:25:29 : [00000154] : idle
INFO  2020-11-30.11:25:30 : [00000154] : idle
INFO  2020-11-30.11:25:31 : [00000154] : idle
INFO  2020-11-30.11:25:32 : [00000154] : idle
INFO  2020-11-30.11:25:33 : [00000154] : idle
INFO  2020-11-30.11:25:34 : [00000154] : idle
INFO  2020-11-30.11:25:35 : [00000154] : idle
INFO  2020-11-30.11:25:36 : [00000154] : idle
INFO  2020-11-30.11:25:38 : [00000154] : idle
INFO  2020-11-30.11:25:39 : [00000154] : idle
INFO  2020-11-30.11:25:40 : [00000154] : idle
INFO  2020-11-30.11:25:41 : [00000154] : idle
INFO  2020-11-30.11:25:42 : [00000154] : idle
INFO  2020-11-30.11:25:43 : [00000154] : idle
INFO  2020-11-30.11:25:44 : [00000154] : idle
INFO  2020-11-30.11:25:45 : [00000154] : idle
INFO  2020-11-30.11:25:46 : [00000154] : idle
INFO  2020-11-30.11:25:47 : [00000154] : idle
INFO  2020-11-30.11:25:48 : [00000154] : idle
INFO  2020-11-30.11:25:49 : [00000154] : idle
INFO  2020-11-30.11:25:50 : [00000154] : idle
INFO  2020-11-30.11:25:51 : [00000154] : idle
INFO  2020-11-30.11:25:52 : [00000154] : idle
INFO  2020-11-30.11:25:53 : [00000154] : idle
INFO  2020-11-30.11:25:54 : [00000154] : idle
INFO  2020-11-30.11:25:55 : [00000154] : idle
INFO  2020-11-30.11:25:56 : [00000154] : idle
INFO  2020-11-30.11:25:57 : [00000154] : idle
INFO  2020-11-30.11:25:58 : [00000154] : idle
INFO  2020-11-30.11:25:59 : [00000154] : idle
INFO  2020-11-30.11:26:00 : [00000154] : idle
INFO  2020-11-30.11:26:01 : [00000154] : idle
INFO  2020-11-30.11:26:02 : [00000154] : idle
INFO  2020-11-30.11:26:03 : [00000154] : idle
INFO  2020-11-30.11:26:04 : [00000154] : idle
INFO  2020-11-30.11:26:05 : [00000154] : idle
INFO  2020-11-30.11:26:06 : [00000154] : idle
INFO  2020-11-30.11:26:07 : [00000154] : idle
INFO  2020-11-30.11:26:08 : [00000154] : idle
INFO  2020-11-30.11:26:09 : [00000154] : idle
INFO  2020-11-30.11:26:10 : [00000154] : idle
INFO  2020-11-30.11:26:11 : [00000154] : idle
INFO  2020-11-30.11:26:12 : [00000154] : idle
INFO  2020-11-30.11:26:13 : [00000154] : idle
INFO  2020-11-30.11:26:14 : [00000154] : idle
INFO  2020-11-30.11:26:15 : [00000154] : idle
INFO  2020-11-30.11:26:16 : [00000154] : idle
INFO  2020-11-30.11:26:17 : [00000154] : idle
INFO  2020-11-30.11:26:18 : [00000154] : idle
INFO  2020-11-30.11:26:19 : [00000154] : idle
INFO  2020-11-30.11:26:20 : [00000154] : idle
INFO  2020-11-30.11:26:21 : [00000154] : idle
INFO  2020-11-30.11:26:22 : [00000154] : idle
INFO  2020-11-30.11:26:23 : [00000154] : idle
INFO  2020-11-30.11:26:24 : [00000154] : idle
INFO  2020-11-30.11:26:25 : [00000154] : idle
INFO  2020-11-30.11:26:26 : [00000154] : idle
INFO  2020-11-30.11:26:27 : [00000154] : idle
INFO  2020-11-30.11:26:28 : [00000154] : idle
INFO  2020-11-30.11:26:29 : [00000154] : idle
INFO  2020-11-30.11:26:30 : [00000154] : idle
INFO  2020-11-30.11:26:31 : [00000154] : idle
INFO  2020-11-30.11:26:32 : [00000154] : idle
INFO  2020-11-30.11:26:33 : [00000154] : idle
INFO  2020-11-30.11:26:34 : [00000154] : idle
INFO  2020-11-30.11:26:35 : [00000154] : idle
INFO  2020-11-30.11:26:36 : [00000154] : idle
INFO  2020-11-30.11:26:37 : [00000154] : idle
INFO  2020-11-30.11:26:38 : [00000154] : idle
INFO  2020-11-30.11:26:39 : [00000154] : idle
INFO  2020-11-30.11:26:40 : [00000154] : idle
INFO  2020-11-30.11:26:41 : [00000154] : idle
INFO  2020-11-30.11:26:42 : [00000154] : idle
INFO  2020-11-30.11:26:43 : [00000154] : idle
INFO  2020-11-30.11:26:44 : [00000154] : idle
INFO  2020-11-30.11:26:45 : [00000154] : idle
INFO  2020-11-30.11:26:46 : [00000154] : idle
INFO  2020-11-30.11:26:47 : [00000154] : idle
INFO  2020-11-30.11:26:48 : [00000154] : idle
INFO  2020-11-30.11:26:49 : [00000154] : idle
INFO  2020-11-30.11:26:50 : [00000154] : idle
INFO  2020-11-30.11:26:51 : [00000154] : idle
INFO  2020-11-30.11:26:52 : [00000154] : idle
INFO  2020-11-30.11:26:53 : [00000154] : idle
INFO  2020-11-30.11:26:54 : [00000154] : idle
INFO  2020-11-30.11:26:55 : [00000154] : idle
INFO  2020-11-30.11:26:56 : [00000154] : idle
INFO  2020-11-30.11:26:57 : [00000154] : idle
INFO  2020-11-30.11:26:58 : [00000154] : idle
INFO  2020-11-30.11:26:59 : [00000154] : idle
INFO  2020-11-30.11:27:00 : [00000154] : idle
INFO  2020-11-30.11:27:01 : [00000154] : idle
INFO  2020-11-30.11:27:02 : [00000154] : idle
INFO  2020-11-30.11:27:03 : [00000154] : idle
INFO  2020-11-30.11:27:04 : [00000154] : idle
INFO  2020-11-30.11:27:05 : [00000154] : idle
INFO  2020-11-30.11:27:06 : [00000154] : idle
INFO  2020-11-30.11:27:07 : [00000154] : idle
INFO  2020-11-30.11:27:08 : [00000154] : idle
INFO  2020-11-30.11:27:09 : [00000154] : idle
INFO  2020-11-30.11:27:10 : [00000154] : idle
INFO  2020-11-30.11:27:11 : [00000154] : idle
INFO  2020-11-30.11:27:12 : [00000154] : idle
INFO  2020-11-30.11:27:13 : [00000154] : idle
INFO  2020-11-30.11:27:14 : [00000154] : idle
INFO  2020-11-30.11:27:15 : [00000154] : idle
INFO  2020-11-30.11:27:16 : [00000154] : idle
INFO  2020-11-30.11:27:17 : [00000154] : idle
INFO  2020-11-30.11:27:18 : [00000154] : idle
INFO  2020-11-30.11:27:19 : [00000154] : idle
INFO  2020-11-30.11:27:20 : [00000154] : idle
INFO  2020-11-30.11:27:21 : [00000154] : idle
INFO  2020-11-30.11:27:22 : [00000154] : idle
INFO  2020-11-30.11:27:23 : [00000154] : idle
INFO  2020-11-30.11:27:24 : [00000154] : idle
INFO  2020-11-30.11:27:25 : [00000154] : idle
INFO  2020-11-30.11:27:26 : [00000154] : idle
INFO  2020-11-30.11:27:27 : [00000154] : idle
INFO  2020-11-30.11:27:28 : [00000154] : idle
INFO  2020-11-30.11:27:29 : [00000154] : idle
INFO  2020-11-30.11:27:30 : [00000154] : idle
INFO  2020-11-30.11:27:31 : [00000154] : idle
INFO  2020-11-30.11:27:32 : [00000154] : idle
INFO  2020-11-30.11:27:33 : [00000154] : idle
INFO  2020-11-30.11:27:34 : [00000154] : idle
INFO  2020-11-30.11:27:35 : [00000154] : idle
INFO  2020-11-30.11:27:36 : [00000154] : idle
INFO  2020-11-30.11:27:37 : [00000154] : idle
INFO  2020-11-30.11:27:38 : [00000154] : idle
INFO  2020-11-30.11:27:39 : [00000154] : idle
INFO  2020-11-30.11:27:40 : [00000154] : idle
INFO  2020-11-30.11:27:42 : [00000154] : idle
INFO  2020-11-30.11:27:43 : [00000154] : idle
INFO  2020-11-30.11:27:44 : [00000154] : idle
INFO  2020-11-30.11:27:45 : [00000154] : idle
INFO  2020-11-30.11:27:46 : [00000154] : idle
INFO  2020-11-30.11:27:47 : [00000154] : idle
INFO  2020-11-30.11:27:48 : [00000154] : idle
INFO  2020-11-30.11:27:49 : [00000154] : idle
INFO  2020-11-30.11:27:50 : [00000154] : idle
INFO  2020-11-30.11:27:51 : [00000154] : idle
INFO  2020-11-30.11:27:52 : [00000154] : idle
INFO  2020-11-30.11:27:53 : [00000154] : idle
INFO  2020-11-30.11:27:54 : [00000154] : idle
INFO  2020-11-30.11:27:55 : [00000154] : idle
INFO  2020-11-30.11:27:56 : [00000154] : idle
INFO  2020-11-30.11:27:57 : [00000154] : idle
INFO  2020-11-30.11:27:58 : [00000154] : idle
INFO  2020-11-30.11:27:59 : [00000154] : idle
INFO  2020-11-30.11:28:00 : [00000154] : idle
INFO  2020-11-30.11:28:01 : [00000154] : idle
INFO  2020-11-30.11:28:02 : [00000154] : idle
INFO  2020-11-30.11:28:03 : [00000154] : idle
INFO  2020-11-30.11:28:04 : [00000154] : idle
INFO  2020-11-30.11:28:05 : [00000154] : idle
INFO  2020-11-30.11:28:06 : [00000154] : idle
INFO  2020-11-30.11:28:07 : [00000154] : idle
INFO  2020-11-30.11:28:08 : [00000154] : idle
INFO  2020-11-30.11:28:09 : [00000154] : idle
INFO  2020-11-30.11:28:10 : [00000154] : idle
INFO  2020-11-30.11:28:11 : [00000154] : idle
INFO  2020-11-30.11:28:12 : [00000154] : idle
INFO  2020-11-30.11:28:13 : [00000154] : idle
INFO  2020-11-30.11:28:14 : [00000154] : idle
INFO  2020-11-30.11:28:15 : [00000154] : idle
INFO  2020-11-30.11:28:16 : [00000154] : idle
INFO  2020-11-30.11:28:17 : [00000154] : idle
INFO  2020-11-30.11:28:18 : [00000154] : idle
INFO  2020-11-30.11:28:19 : [00000154] : idle
INFO  2020-11-30.11:28:20 : [00000154] : idle
INFO  2020-11-30.11:28:21 : [00000154] : idle
INFO  2020-11-30.11:28:22 : [00000154] : idle
INFO  2020-11-30.11:28:23 : [00000154] : idle
INFO  2020-11-30.11:28:24 : [00000154] : idle
INFO  2020-11-30.11:28:25 : [00000154] : idle
INFO  2020-11-30.11:28:26 : [00000154] : idle
INFO  2020-11-30.11:28:27 : [00000154] : idle
INFO  2020-11-30.11:28:28 : [00000154] : idle
INFO  2020-11-30.11:28:29 : [00000154] : idle
INFO  2020-11-30.11:28:30 : [00000154] : idle
INFO  2020-11-30.11:28:31 : [00000154] : idle
INFO  2020-11-30.11:28:32 : [00000154] : idle
INFO  2020-11-30.11:28:33 : [00000154] : idle
INFO  2020-11-30.11:28:34 : [00000154] : idle
INFO  2020-11-30.11:28:35 : [00000154] : idle
INFO  2020-11-30.11:28:36 : [00000154] : idle
INFO  2020-11-30.11:28:37 : [00000154] : idle
INFO  2020-11-30.11:28:38 : [00000154] : idle
INFO  2020-11-30.11:28:39 : [00000154] : idle
INFO  2020-11-30.11:28:40 : [00000154] : idle
INFO  2020-11-30.11:28:41 : [00000154] : idle
INFO  2020-11-30.11:28:42 : [00000154] : idle
INFO  2020-11-30.11:28:43 : [00000154] : idle
INFO  2020-11-30.11:28:44 : [00000154] : idle
INFO  2020-11-30.11:28:45 : [00000154] : idle
INFO  2020-11-30.11:28:46 : [00000154] : idle
INFO  2020-11-30.11:28:47 : [00000154] : idle
INFO  2020-11-30.11:28:48 : [00000154] : idle
INFO  2020-11-30.11:28:49 : [00000154] : idle
INFO  2020-11-30.11:28:50 : [00000154] : idle
INFO  2020-11-30.11:28:51 : [00000154] : idle
INFO  2020-11-30.11:28:52 : [00000154] : idle
INFO  2020-11-30.11:28:53 : [00000154] : idle
INFO  2020-11-30.11:28:54 : [00000154] : idle
INFO  2020-11-30.11:28:55 : [00000154] : idle
INFO  2020-11-30.11:28:56 : [00000154] : idle
INFO  2020-11-30.11:28:57 : [00000154] : idle
INFO  2020-11-30.11:28:58 : [00000154] : idle
INFO  2020-11-30.11:28:59 : [00000154] : idle
INFO  2020-11-30.11:29:00 : [00000154] : idle
INFO  2020-11-30.11:29:01 : [00000154] : idle
INFO  2020-11-30.11:29:02 : [00000154] : idle
INFO  2020-11-30.11:29:03 : [00000154] : idle
INFO  2020-11-30.11:29:04 : [00000154] : idle
INFO  2020-11-30.11:29:05 : [00000154] : idle
INFO  2020-11-30.11:29:06 : [00000154] : idle
INFO  2020-11-30.11:29:07 : [00000154] : idle
INFO  2020-11-30.11:29:08 : [00000154] : idle
INFO  2020-11-30.11:29:09 : [00000154] : idle
INFO  2020-11-30.11:29:10 : [00000154] : idle
INFO  2020-11-30.11:29:11 : [00000154] : idle
INFO  2020-11-30.11:29:12 : [00000154] : idle
INFO  2020-11-30.11:29:13 : [00000154] : idle
INFO  2020-11-30.11:29:14 : [00000154] : idle
INFO  2020-11-30.11:29:15 : [00000154] : idle
INFO  2020-11-30.11:29:16 : [00000154] : idle
INFO  2020-11-30.11:29:17 : [00000154] : idle
INFO  2020-11-30.11:29:18 : [00000154] : idle
INFO  2020-11-30.11:29:19 : [00000154] : idle
INFO  2020-11-30.11:29:20 : [00000154] : idle
INFO  2020-11-30.11:29:21 : [00000154] : idle
INFO  2020-11-30.11:29:22 : [00000154] : idle
INFO  2020-11-30.11:29:23 : [00000154] : idle
INFO  2020-11-30.11:29:24 : [00000154] : idle
INFO  2020-11-30.11:29:25 : [00000154] : idle
INFO  2020-11-30.11:29:26 : [00000154] : idle
INFO  2020-11-30.11:29:27 : [00000154] : idle
INFO  2020-11-30.11:29:28 : [00000154] : idle
INFO  2020-11-30.11:29:29 : [00000154] : idle
INFO  2020-11-30.11:29:30 : [00000154] : idle
INFO  2020-11-30.11:29:31 : [00000154] : idle
INFO  2020-11-30.11:29:32 : [00000154] : idle
INFO  2020-11-30.11:29:33 : [00000154] : idle
INFO  2020-11-30.11:29:34 : [00000154] : idle
INFO  2020-11-30.11:29:35 : [00000154] : idle
INFO  2020-11-30.11:29:36 : [00000154] : idle
INFO  2020-11-30.11:29:37 : [00000154] : idle
INFO  2020-11-30.11:29:38 : [00000154] : idle
INFO  2020-11-30.11:29:39 : [00000154] : idle
INFO  2020-11-30.11:29:40 : [00000154] : idle
INFO  2020-11-30.11:29:41 : [00000154] : idle
INFO  2020-11-30.11:29:42 : [00000154] : idle
INFO  2020-11-30.11:29:43 : [00000154] : idle
INFO  2020-11-30.11:29:44 : [00000154] : idle
INFO  2020-11-30.11:29:45 : [00000154] : idle
INFO  2020-11-30.11:29:46 : [00000154] : idle
INFO  2020-11-30.11:29:47 : [00000154] : idle
INFO  2020-11-30.11:29:48 : [00000154] : idle
INFO  2020-11-30.11:29:49 : [00000154] : idle
INFO  2020-11-30.11:29:50 : [00000154] : idle
INFO  2020-11-30.11:29:51 : [00000154] : idle
INFO  2020-11-30.11:29:52 : [00000154] : idle
INFO  2020-11-30.11:29:53 : [00000154] : idle
INFO  2020-11-30.11:29:54 : [00000154] : idle
INFO  2020-11-30.11:29:55 : [00000154] : idle
INFO  2020-11-30.11:29:56 : [00000154] : idle
INFO  2020-11-30.11:29:58 : [00000154] : idle
INFO  2020-11-30.11:29:59 : [00000154] : idle
INFO  2020-11-30.11:30:00 : [00000154] : idle
INFO  2020-11-30.11:30:01 : [00000154] : idle
INFO  2020-11-30.11:30:02 : [00000154] : idle
INFO  2020-11-30.11:30:03 : [00000154] : idle
INFO  2020-11-30.11:30:04 : [00000154] : idle
INFO  2020-11-30.11:30:05 : [00000154] : idle
INFO  2020-11-30.11:30:06 : [00000154] : idle
INFO  2020-11-30.11:30:07 : [00000154] : idle
INFO  2020-11-30.11:30:08 : [00000154] : idle
INFO  2020-11-30.11:30:09 : [00000154] : idle
INFO  2020-11-30.11:30:10 : [00000154] : idle
INFO  2020-11-30.11:30:11 : [00000154] : idle
INFO  2020-11-30.11:30:12 : [00000154] : idle
INFO  2020-11-30.11:30:13 : [00000154] : idle
INFO  2020-11-30.11:30:14 : [00000154] : idle
INFO  2020-11-30.11:30:15 : [00000154] : idle
INFO  2020-11-30.11:30:16 : [00000154] : idle
INFO  2020-11-30.11:30:17 : [00000154] : idle
INFO  2020-11-30.11:30:18 : [00000154] : idle
INFO  2020-11-30.11:30:19 : [00000154] : idle
INFO  2020-11-30.11:30:20 : [00000154] : idle
INFO  2020-11-30.11:30:21 : [00000154] : idle
INFO  2020-11-30.11:30:22 : [00000154] : idle
INFO  2020-11-30.11:30:23 : [00000154] : idle
INFO  2020-11-30.11:30:24 : [00000154] : idle
INFO  2020-11-30.11:30:25 : [00000154] : idle
INFO  2020-11-30.11:30:26 : [00000154] : idle
INFO  2020-11-30.11:30:27 : [00000154] : idle
INFO  2020-11-30.11:30:28 : [00000154] : idle
INFO  2020-11-30.11:30:29 : [00000154] : idle
INFO  2020-11-30.11:30:30 : [00000154] : idle
INFO  2020-11-30.11:30:31 : [00000154] : idle
INFO  2020-11-30.11:30:32 : [00000154] : idle
INFO  2020-11-30.11:30:33 : [00000154] : idle
INFO  2020-11-30.11:30:34 : [00000154] : idle
INFO  2020-11-30.11:30:35 : [00000154] : idle
INFO  2020-11-30.11:30:36 : [00000154] : idle
INFO  2020-11-30.11:30:37 : [00000154] : idle
INFO  2020-11-30.11:30:38 : [00000154] : idle
INFO  2020-11-30.11:30:39 : [00000154] : idle
INFO  2020-11-30.11:30:40 : [00000154] : idle
INFO  2020-11-30.11:30:41 : [00000154] : idle
INFO  2020-11-30.11:30:42 : [00000154] : idle
INFO  2020-11-30.11:30:43 : [00000154] : idle
INFO  2020-11-30.11:30:44 : [00000154] : idle
INFO  2020-11-30.11:30:45 : [00000154] : idle
INFO  2020-11-30.11:30:46 : [00000154] : idle
INFO  2020-11-30.11:30:47 : [00000154] : idle
INFO  2020-11-30.11:30:48 : [00000154] : idle
INFO  2020-11-30.11:30:49 : [00000154] : idle
INFO  2020-11-30.11:30:50 : [00000154] : idle
INFO  2020-11-30.11:30:51 : [00000154] : idle
INFO  2020-11-30.11:30:52 : [00000154] : idle
INFO  2020-11-30.11:30:53 : [00000154] : idle
INFO  2020-11-30.11:30:54 : [00000154] : idle
INFO  2020-11-30.11:30:55 : [00000154] : idle
INFO  2020-11-30.11:30:56 : [00000154] : idle
INFO  2020-11-30.11:30:57 : [00000154] : idle
INFO  2020-11-30.11:30:58 : [00000154] : idle
INFO  2020-11-30.11:30:59 : [00000154] : idle
INFO  2020-11-30.11:31:00 : [00000154] : idle
INFO  2020-11-30.11:31:01 : [00000154] : idle
INFO  2020-11-30.11:31:02 : [00000154] : idle
INFO  2020-11-30.11:31:03 : [00000154] : idle
INFO  2020-11-30.11:31:04 : [00000154] : idle
INFO  2020-11-30.11:31:05 : [00000154] : idle
INFO  2020-11-30.11:31:06 : [00000154] : idle
INFO  2020-11-30.11:31:07 : [00000154] : idle
INFO  2020-11-30.11:31:08 : [00000154] : idle
INFO  2020-11-30.11:31:09 : [00000154] : idle
INFO  2020-11-30.11:31:10 : [00000154] : idle
INFO  2020-11-30.11:31:11 : [00000154] : idle
INFO  2020-11-30.11:31:12 : [00000154] : idle
INFO  2020-11-30.11:31:13 : [00000154] : idle
INFO  2020-11-30.11:31:14 : [00000154] : idle
INFO  2020-11-30.11:31:15 : [00000154] : idle
INFO  2020-11-30.11:31:16 : [00000154] : idle
INFO  2020-11-30.11:31:17 : [00000154] : idle
INFO  2020-11-30.11:31:18 : [00000154] : idle
INFO  2020-11-30.11:31:19 : [00000154] : idle
INFO  2020-11-30.11:31:20 : [00000154] : idle
INFO  2020-11-30.11:31:21 : [00000154] : idle
INFO  2020-11-30.11:31:22 : [00000154] : idle
INFO  2020-11-30.11:31:23 : [00000154] : idle
INFO  2020-11-30.11:31:24 : [00000154] : idle
INFO  2020-11-30.11:31:25 : [00000154] : idle
INFO  2020-11-30.11:31:26 : [00000154] : idle
INFO  2020-11-30.11:31:27 : [00000154] : idle
INFO  2020-11-30.11:31:28 : [00000154] : idle
INFO  2020-11-30.11:31:29 : [00000154] : idle
INFO  2020-11-30.11:31:30 : [00000154] : idle
INFO  2020-11-30.11:31:31 : [00000154] : idle
INFO  2020-11-30.11:31:32 : [00000154] : idle
INFO  2020-11-30.11:31:33 : [00000154] : idle
INFO  2020-11-30.11:31:34 : [00000154] : idle
INFO  2020-11-30.11:31:35 : [00000154] : idle
INFO  2020-11-30.11:31:36 : [00000154] : idle
INFO  2020-11-30.11:31:37 : [00000154] : idle
INFO  2020-11-30.11:31:38 : [00000154] : idle
INFO  2020-11-30.11:31:39 : [00000154] : idle
INFO  2020-11-30.11:31:40 : [00000154] : idle
INFO  2020-11-30.11:31:41 : [00000154] : idle
INFO  2020-11-30.11:31:42 : [00000154] : idle
INFO  2020-11-30.11:31:43 : [00000154] : idle
INFO  2020-11-30.11:31:44 : [00000154] : idle
INFO  2020-11-30.11:31:45 : [00000154] : idle
INFO  2020-11-30.11:31:46 : [00000154] : idle
INFO  2020-11-30.11:31:47 : [00000154] : idle
INFO  2020-11-30.11:31:48 : [00000154] : idle
INFO  2020-11-30.11:31:49 : [00000154] : idle
INFO  2020-11-30.11:31:50 : [00000154] : idle
INFO  2020-11-30.11:31:51 : [00000154] : idle
INFO  2020-11-30.11:31:52 : [00000154] : idle
INFO  2020-11-30.11:31:53 : [00000154] : idle
INFO  2020-11-30.11:31:54 : [00000154] : idle
INFO  2020-11-30.11:31:55 : [00000154] : idle
INFO  2020-11-30.11:31:56 : [00000154] : idle
INFO  2020-11-30.11:31:58 : [00000154] : idle
INFO  2020-11-30.11:31:59 : [00000154] : idle
INFO  2020-11-30.11:32:00 : [00000154] : idle
INFO  2020-11-30.11:32:01 : [00000154] : idle
INFO  2020-11-30.11:32:02 : [00000154] : idle
INFO  2020-11-30.11:32:03 : [00000154] : idle
INFO  2020-11-30.11:32:04 : [00000154] : idle
INFO  2020-11-30.12:03:50 : [00000154] : idle
INFO  2020-11-30.12:03:52 : [00000154] : idle
INFO  2020-11-30.12:03:53 : [00000154] : idle
INFO  2020-11-30.12:03:55 : [00000154] : idle
INFO  2020-11-30.12:03:56 : [00000154] : idle
INFO  2020-11-30.12:03:57 : [00000154] : idle
INFO  2020-11-30.12:03:58 : [00000154] : idle
INFO  2020-11-30.12:03:59 : [00000154] : idle
INFO  2020-11-30.12:04:00 : [00000154] : idle
INFO  2020-11-30.12:04:01 : [00000154] : idle
INFO  2020-11-30.12:04:02 : [00000154] : idle
INFO  2020-11-30.12:04:03 : [00000154] : idle
INFO  2020-11-30.12:04:04 : [00000154] : idle
INFO  2020-11-30.12:04:05 : [00000154] : idle
INFO  2020-11-30.12:04:06 : [00000154] : idle
INFO  2020-11-30.12:04:07 : [00000154] : idle
INFO  2020-11-30.12:04:08 : [00000154] : idle
INFO  2020-11-30.12:04:09 : [00000154] : idle
INFO  2020-11-30.12:04:10 : [00000154] : idle
INFO  2020-11-30.12:04:11 : [00000154] : idle
INFO  2020-11-30.12:04:12 : [00000154] : idle
INFO  2020-11-30.12:04:13 : [00000154] : idle
INFO  2020-11-30.12:04:14 : [00000154] : idle
INFO  2020-11-30.12:04:15 : [00000154] : idle
INFO  2020-11-30.12:04:16 : [00000154] : idle
INFO  2020-11-30.12:04:17 : [00000154] : idle
INFO  2020-11-30.12:04:18 : [00000154] : idle
INFO  2020-11-30.12:04:19 : [00000154] : idle
INFO  2020-11-30.12:04:20 : [00000154] : idle
INFO  2020-11-30.12:04:21 : [00000154] : idle
INFO  2020-11-30.12:04:22 : [00000154] : idle
INFO  2020-11-30.12:04:23 : [00000154] : idle
INFO  2020-11-30.12:04:24 : [00000154] : idle
INFO  2020-11-30.12:04:25 : [00000154] : idle
INFO  2020-11-30.12:04:26 : [00000154] : idle
INFO  2020-11-30.12:04:27 : [00000154] : idle
INFO  2020-11-30.12:04:28 : [00000154] : idle
INFO  2020-11-30.12:04:29 : [00000154] : idle
INFO  2020-11-30.12:04:30 : [00000154] : idle
INFO  2020-11-30.12:04:31 : [00000154] : idle
INFO  2020-11-30.12:04:32 : [00000154] : idle
INFO  2020-11-30.12:04:33 : [00000154] : idle
INFO  2020-11-30.12:04:34 : [00000154] : idle
INFO  2020-11-30.12:04:35 : [00000154] : idle
INFO  2020-11-30.12:04:36 : [00000154] : idle
INFO  2020-11-30.12:04:37 : [00000154] : idle
INFO  2020-11-30.12:04:38 : [00000154] : idle
INFO  2020-11-30.12:04:39 : [00000154] : idle
INFO  2020-11-30.12:04:40 : [00000154] : idle
INFO  2020-11-30.12:04:41 : [00000154] : idle
INFO  2020-11-30.12:04:42 : [00000154] : idle
INFO  2020-11-30.12:04:43 : [00000154] : idle
INFO  2020-11-30.12:04:44 : [00000154] : idle
INFO  2020-11-30.12:04:45 : [00000154] : idle
INFO  2020-11-30.12:04:47 : [00000154] : idle
INFO  2020-11-30.12:04:48 : [00000154] : idle
INFO  2020-11-30.12:04:49 : [00000154] : idle
INFO  2020-11-30.12:04:50 : [00000154] : idle
INFO  2020-11-30.12:04:51 : [00000154] : idle
INFO  2020-11-30.12:04:52 : [00000154] : idle
INFO  2020-11-30.12:04:53 : [00000154] : idle
INFO  2020-11-30.12:04:54 : [00000154] : idle
INFO  2020-11-30.12:04:55 : [00000154] : idle
INFO  2020-11-30.12:04:56 : [00000154] : idle
INFO  2020-11-30.12:04:57 : [00000154] : idle
INFO  2020-11-30.12:04:58 : [00000154] : idle
INFO  2020-11-30.12:04:59 : [00000154] : idle
INFO  2020-11-30.12:05:00 : [00000154] : idle
INFO  2020-11-30.12:05:01 : [00000154] : idle
INFO  2020-11-30.12:05:02 : [00000154] : idle
INFO  2020-11-30.12:05:03 : [00000154] : idle
INFO  2020-11-30.12:05:04 : [00000154] : idle
INFO  2020-11-30.12:05:05 : [00000154] : idle
INFO  2020-11-30.12:05:06 : [00000154] : idle
INFO  2020-11-30.12:05:07 : [00000154] : idle
INFO  2020-11-30.12:05:08 : [00000154] : idle
INFO  2020-11-30.12:05:09 : [00000154] : idle
INFO  2020-11-30.12:05:10 : [00000154] : idle
INFO  2020-11-30.12:05:11 : [00000154] : idle
INFO  2020-11-30.12:05:12 : [00000154] : idle
INFO  2020-11-30.12:05:13 : [00000154] : idle
INFO  2020-11-30.12:05:14 : [00000154] : idle
INFO  2020-11-30.12:05:15 : [00000154] : idle
INFO  2020-11-30.12:05:16 : [00000154] : idle
INFO  2020-11-30.12:05:17 : [00000154] : idle
INFO  2020-11-30.12:05:18 : [00000154] : idle
INFO  2020-11-30.12:05:19 : [00000154] : idle
INFO  2020-11-30.12:05:20 : [00000154] : idle
INFO  2020-11-30.12:05:21 : [00000154] : idle
