INFO: 2020-12-02.09:04:35 : Downloader started
INFO: 2020-12-02.09:04:56 : Connected to host by url https://st4.depositphotos.com/2435561/23030/i/1600/depositphotos_230304352-stock-photo-red-sign-night-chinatown-milan.jpg
INFO: 2020-12-02.09:04:56 : Created request for https://st4.depositphotos.com/2435561/23030/i/1600/depositphotos_230304352-stock-photo-red-sign-night-chinatown-milan.jpg
INFO: 2020-12-02.09:04:56 : Sent request to https://st4.depositphotos.com/2435561/23030/i/1600/depositphotos_230304352-stock-photo-red-sign-night-chinatown-milan.jpg
INFO: 2020-12-02.09:04:56 : Received 1585 bytes from https://st4.depositphotos.com/2435561/23030/i/1600/depositphotos_230304352-stock-photo-red-sign-night-chinatown-milan.jpg
INFO: 2020-12-02.09:04:56 : Received 4320 bytes from https://st4.depositphotos.com/2435561/23030/i/1600/depositphotos_230304352-stock-photo-red-sign-night-chinatown-milan.jpg
INFO: 2020-12-02.09:04:56 : Received 1440 bytes from https://st4.depositphotos.com/2435561/23030/i/1600/depositphotos_230304352-stock-photo-red-sign-night-chinatown-milan.jpg
INFO: 2020-12-02.09:04:56 : Received 8192 bytes from https://st4.depositphotos.com/2435561/23030/i/1600/depositphotos_230304352-stock-photo-red-sign-night-chinatown-milan.jpg
INFO: 2020-12-02.09:04:56 : Received 6123 bytes from https://st4.depositphotos.com/2435561/23030/i/1600/depositphotos_230304352-stock-photo-red-sign-night-chinatown-milan.jpg
INFO: 2020-12-02.09:04:56 : Received 2880 bytes from https://st4.depositphotos.com/2435561/23030/i/1600/depositphotos_230304352-stock-photo-red-sign-night-chinatown-milan.jpg
INFO: 2020-12-02.09:04:56 : Received 2880 bytes from https://st4.depositphotos.com/2435561/23030/i/1600/depositphotos_230304352-stock-photo-red-sign-night-chinatown-milan.jpg
INFO: 2020-12-02.09:04:56 : Received 2880 bytes from https://st4.depositphotos.com/2435561/23030/i/1600/depositphotos_230304352-stock-photo-red-sign-night-chinatown-milan.jpg
INFO: 2020-12-02.09:04:56 : Received 2880 bytes from https://st4.depositphotos.com/2435561/23030/i/1600/depositphotos_230304352-stock-photo-red-sign-night-chinatown-milan.jpg
INFO: 2020-12-02.09:04:56 : Received 2880 bytes from https://st4.depositphotos.com/2435561/23030/i/1600/depositphotos_230304352-stock-photo-red-sign-night-chinatown-milan.jpg
INFO: 2020-12-02.09:04:56 : Received 2880 bytes from https://st4.depositphotos.com/2435561/23030/i/1600/depositphotos_230304352-stock-photo-red-sign-night-chinatown-milan.jpg
INFO: 2020-12-02.09:04:56 : Received 2880 bytes from https://st4.depositphotos.com/2435561/23030/i/1600/depositphotos_230304352-stock-photo-red-sign-night-chinatown-milan.jpg
INFO: 2020-12-02.09:04:56 : Received 2880 bytes from https://st4.depositphotos.com/2435561/23030/i/1600/depositphotos_230304352-stock-photo-red-sign-night-chinatown-milan.jpg
INFO: 2020-12-02.09:04:56 : Received 2880 bytes from https://st4.depositphotos.com/2435561/23030/i/1600/depositphotos_230304352-stock-photo-red-sign-night-chinatown-milan.jpg
INFO: 2020-12-02.09:04:56 : Received 2880 bytes from https://st4.depositphotos.com/2435561/23030/i/1600/depositphotos_230304352-stock-photo-red-sign-night-chinatown-milan.jpg
INFO: 2020-12-02.09:04:56 : Received 2880 bytes from https://st4.depositphotos.com/2435561/23030/i/1600/depositphotos_230304352-stock-photo-red-sign-night-chinatown-milan.jpg
INFO: 2020-12-02.09:04:56 : Received 2880 bytes from https://st4.depositphotos.com/2435561/23030/i/1600/depositphotos_230304352-stock-photo-red-sign-night-chinatown-milan.jpg
INFO: 2020-12-02.09:04:56 : Received 2880 bytes from https://st4.depositphotos.com/2435561/23030/i/1600/depositphotos_230304352-stock-photo-red-sign-night-chinatown-milan.jpg
INFO: 2020-12-02.09:04:56 : Received 2880 bytes from https://st4.depositphotos.com/2435561/23030/i/1600/depositphotos_230304352-stock-photo-red-sign-night-chinatown-milan.jpg
INFO: 2020-12-02.09:04:56 : Received 2880 bytes from https://st4.depositphotos.com/2435561/23030/i/1600/depositphotos_230304352-stock-photo-red-sign-night-chinatown-milan.jpg
INFO: 2020-12-02.09:04:56 : Received 2880 bytes from https://st4.depositphotos.com/2435561/23030/i/1600/depositphotos_230304352-stock-photo-red-sign-night-chinatown-milan.jpg
INFO: 2020-12-02.09:04:56 : Received 2880 bytes from https://st4.depositphotos.com/2435561/23030/i/1600/depositphotos_230304352-stock-photo-red-sign-night-chinatown-milan.jpg
INFO: 2020-12-02.09:04:56 : Received 2880 bytes from https://st4.depositphotos.com/2435561/23030/i/1600/depositphotos_230304352-stock-photo-red-sign-night-chinatown-milan.jpg
INFO: 2020-12-02.09:04:56 : Received 2880 bytes from https://st4.depositphotos.com/2435561/23030/i/1600/depositphotos_230304352-stock-photo-red-sign-night-chinatown-milan.jpg
INFO: 2020-12-02.09:04:56 : Received 2880 bytes from https://st4.depositphotos.com/2435561/23030/i/1600/depositphotos_230304352-stock-photo-red-sign-night-chinatown-milan.jpg
INFO: 2020-12-02.09:04:56 : Received 2880 bytes from https://st4.depositphotos.com/2435561/23030/i/1600/depositphotos_230304352-stock-photo-red-sign-night-chinatown-milan.jpg
INFO: 2020-12-02.09:04:56 : Received 2880 bytes from https://st4.depositphotos.com/2435561/23030/i/1600/depositphotos_230304352-stock-photo-red-sign-night-chinatown-milan.jpg
INFO: 2020-12-02.09:04:56 : Received 2880 bytes from https://st4.depositphotos.com/2435561/23030/i/1600/depositphotos_230304352-stock-photo-red-sign-night-chinatown-milan.jpg
INFO: 2020-12-02.09:04:56 : Received 2880 bytes from https://st4.depositphotos.com/2435561/23030/i/1600/depositphotos_230304352-stock-photo-red-sign-night-chinatown-milan.jpg
INFO: 2020-12-02.09:04:56 : Received 1851 bytes from https://st4.depositphotos.com/2435561/23030/i/1600/depositphotos_230304352-stock-photo-red-sign-night-chinatown-milan.jpg
INFO: 2020-12-02.09:04:56 : Received 2880 bytes from https://st4.depositphotos.com/2435561/23030/i/1600/depositphotos_230304352-stock-photo-red-sign-night-chinatown-milan.jpg
INFO: 2020-12-02.09:04:56 : Received 2880 bytes from https://st4.depositphotos.com/2435561/23030/i/1600/depositphotos_230304352-stock-photo-red-sign-night-chinatown-milan.jpg
INFO: 2020-12-02.09:04:56 : Received 2880 bytes from https://st4.depositphotos.com/2435561/23030/i/1600/depositphotos_230304352-stock-photo-red-sign-night-chinatown-milan.jpg
INFO: 2020-12-02.09:04:56 : Received 2880 bytes from https://st4.depositphotos.com/2435561/23030/i/1600/depositphotos_230304352-stock-photo-red-sign-night-chinatown-milan.jpg
INFO: 2020-12-02.09:04:56 : Received 2880 bytes from https://st4.depositphotos.com/2435561/23030/i/1600/depositphotos_230304352-stock-photo-red-sign-night-chinatown-milan.jpg
INFO: 2020-12-02.09:04:56 : Received 2880 bytes from https://st4.depositphotos.com/2435561/23030/i/1600/depositphotos_230304352-stock-photo-red-sign-night-chinatown-milan.jpg
INFO: 2020-12-02.09:04:56 : Received 2880 bytes from https://st4.depositphotos.com/2435561/23030/i/1600/depositphotos_230304352-stock-photo-red-sign-night-chinatown-milan.jpg
INFO: 2020-12-02.09:04:56 : Received 2880 bytes from https://st4.depositphotos.com/2435561/23030/i/1600/depositphotos_230304352-stock-photo-red-sign-night-chinatown-milan.jpg
INFO: 2020-12-02.09:04:56 : Received 5760 bytes from https://st4.depositphotos.com/2435561/23030/i/1600/depositphotos_230304352-stock-photo-red-sign-night-chinatown-milan.jpg
INFO: 2020-12-02.09:04:56 : Received 2880 bytes from https://st4.depositphotos.com/2435561/23030/i/1600/depositphotos_230304352-stock-photo-red-sign-night-chinatown-milan.jpg
INFO: 2020-12-02.09:04:56 : Received 2880 bytes from https://st4.depositphotos.com/2435561/23030/i/1600/depositphotos_230304352-stock-photo-red-sign-night-chinatown-milan.jpg
INFO: 2020-12-02.09:04:56 : Received 2880 bytes from https://st4.depositphotos.com/2435561/23030/i/1600/depositphotos_230304352-stock-photo-red-sign-night-chinatown-milan.jpg
INFO: 2020-12-02.09:04:56 : Received 8192 bytes from https://st4.depositphotos.com/2435561/23030/i/1600/depositphotos_230304352-stock-photo-red-sign-night-chinatown-milan.jpg
INFO: 2020-12-02.09:04:56 : Received 8192 bytes from https://st4.depositphotos.com/2435561/23030/i/1600/depositphotos_230304352-stock-photo-red-sign-night-chinatown-milan.jpg
INFO: 2020-12-02.09:04:56 : Received 5216 bytes from https://st4.depositphotos.com/2435561/23030/i/1600/depositphotos_230304352-stock-photo-red-sign-night-chinatown-milan.jpg
INFO: 2020-12-02.09:04:56 : Received 1440 bytes from https://st4.depositphotos.com/2435561/23030/i/1600/depositphotos_230304352-stock-photo-red-sign-night-chinatown-milan.jpg
INFO: 2020-12-02.09:04:56 : Received 8192 bytes from https://st4.depositphotos.com/2435561/23030/i/1600/depositphotos_230304352-stock-photo-red-sign-night-chinatown-milan.jpg
INFO: 2020-12-02.09:04:56 : Received 6208 bytes from https://st4.depositphotos.com/2435561/23030/i/1600/depositphotos_230304352-stock-photo-red-sign-night-chinatown-milan.jpg
INFO: 2020-12-02.09:04:56 : Received 1440 bytes from https://st4.depositphotos.com/2435561/23030/i/1600/depositphotos_230304352-stock-photo-red-sign-night-chinatown-milan.jpg
INFO: 2020-12-02.09:04:56 : Received 8192 bytes from https://st4.depositphotos.com/2435561/23030/i/1600/depositphotos_230304352-stock-photo-red-sign-night-chinatown-milan.jpg
INFO: 2020-12-02.09:04:56 : Received 8192 bytes from https://st4.depositphotos.com/2435561/23030/i/1600/depositphotos_230304352-stock-photo-red-sign-night-chinatown-milan.jpg
INFO: 2020-12-02.09:04:56 : Received 3776 bytes from https://st4.depositphotos.com/2435561/23030/i/1600/depositphotos_230304352-stock-photo-red-sign-night-chinatown-milan.jpg
INFO: 2020-12-02.09:04:56 : Received 2880 bytes from https://st4.depositphotos.com/2435561/23030/i/1600/depositphotos_230304352-stock-photo-red-sign-night-chinatown-milan.jpg
INFO: 2020-12-02.09:04:56 : Received 1440 bytes from https://st4.depositphotos.com/2435561/23030/i/1600/depositphotos_230304352-stock-photo-red-sign-night-chinatown-milan.jpg
INFO: 2020-12-02.09:04:56 : Received 1440 bytes from https://st4.depositphotos.com/2435561/23030/i/1600/depositphotos_230304352-stock-photo-red-sign-night-chinatown-milan.jpg
INFO: 2020-12-02.09:04:57 : Received 2880 bytes from https://st4.depositphotos.com/2435561/23030/i/1600/depositphotos_230304352-stock-photo-red-sign-night-chinatown-milan.jpg
INFO: 2020-12-02.09:04:57 : Received 1440 bytes from https://st4.depositphotos.com/2435561/23030/i/1600/depositphotos_230304352-stock-photo-red-sign-night-chinatown-milan.jpg
INFO: 2020-12-02.09:04:57 : Received 1440 bytes from https://st4.depositphotos.com/2435561/23030/i/1600/depositphotos_230304352-stock-photo-red-sign-night-chinatown-milan.jpg
INFO: 2020-12-02.09:04:57 : Received 5760 bytes from https://st4.depositphotos.com/2435561/23030/i/1600/depositphotos_230304352-stock-photo-red-sign-night-chinatown-milan.jpg
INFO: 2020-12-02.09:04:57 : Received 2880 bytes from https://st4.depositphotos.com/2435561/23030/i/1600/depositphotos_230304352-stock-photo-red-sign-night-chinatown-milan.jpg
INFO: 2020-12-02.09:04:57 : Received 2880 bytes from https://st4.depositphotos.com/2435561/23030/i/1600/depositphotos_230304352-stock-photo-red-sign-night-chinatown-milan.jpg
INFO: 2020-12-02.09:04:57 : Received 2880 bytes from https://st4.depositphotos.com/2435561/23030/i/1600/depositphotos_230304352-stock-photo-red-sign-night-chinatown-milan.jpg
INFO: 2020-12-02.09:04:57 : Received 2880 bytes from https://st4.depositphotos.com/2435561/23030/i/1600/depositphotos_230304352-stock-photo-red-sign-night-chinatown-milan.jpg
INFO: 2020-12-02.09:04:57 : Received 1440 bytes from https://st4.depositphotos.com/2435561/23030/i/1600/depositphotos_230304352-stock-photo-red-sign-night-chinatown-milan.jpg
INFO: 2020-12-02.09:04:57 : Received 1440 bytes from https://st4.depositphotos.com/2435561/23030/i/1600/depositphotos_230304352-stock-photo-red-sign-night-chinatown-milan.jpg
INFO: 2020-12-02.09:04:57 : Received 4320 bytes from https://st4.depositphotos.com/2435561/23030/i/1600/depositphotos_230304352-stock-photo-red-sign-night-chinatown-milan.jpg
INFO: 2020-12-02.09:04:57 : Received 4320 bytes from https://st4.depositphotos.com/2435561/23030/i/1600/depositphotos_230304352-stock-photo-red-sign-night-chinatown-milan.jpg
INFO: 2020-12-02.09:04:57 : Received 1440 bytes from https://st4.depositphotos.com/2435561/23030/i/1600/depositphotos_230304352-stock-photo-red-sign-night-chinatown-milan.jpg
INFO: 2020-12-02.09:04:57 : Received 4320 bytes from https://st4.depositphotos.com/2435561/23030/i/1600/depositphotos_230304352-stock-photo-red-sign-night-chinatown-milan.jpg
INFO: 2020-12-02.09:04:57 : Received 1440 bytes from https://st4.depositphotos.com/2435561/23030/i/1600/depositphotos_230304352-stock-photo-red-sign-night-chinatown-milan.jpg
INFO: 2020-12-02.09:04:57 : Received 2880 bytes from https://st4.depositphotos.com/2435561/23030/i/1600/depositphotos_230304352-stock-photo-red-sign-night-chinatown-milan.jpg
INFO: 2020-12-02.09:04:57 : Received 2880 bytes from https://st4.depositphotos.com/2435561/23030/i/1600/depositphotos_230304352-stock-photo-red-sign-night-chinatown-milan.jpg
INFO: 2020-12-02.09:04:57 : Received 8192 bytes from https://st4.depositphotos.com/2435561/23030/i/1600/depositphotos_230304352-stock-photo-red-sign-night-chinatown-milan.jpg
INFO: 2020-12-02.09:04:57 : Received 8192 bytes from https://st4.depositphotos.com/2435561/23030/i/1600/depositphotos_230304352-stock-photo-red-sign-night-chinatown-milan.jpg
INFO: 2020-12-02.09:04:57 : Received 3776 bytes from https://st4.depositphotos.com/2435561/23030/i/1600/depositphotos_230304352-stock-photo-red-sign-night-chinatown-milan.jpg
INFO: 2020-12-02.09:04:57 : Received 2880 bytes from https://st4.depositphotos.com/2435561/23030/i/1600/depositphotos_230304352-stock-photo-red-sign-night-chinatown-milan.jpg
INFO: 2020-12-02.09:04:57 : Received 2880 bytes from https://st4.depositphotos.com/2435561/23030/i/1600/depositphotos_230304352-stock-photo-red-sign-night-chinatown-milan.jpg
INFO: 2020-12-02.09:04:57 : Received 2880 bytes from https://st4.depositphotos.com/2435561/23030/i/1600/depositphotos_230304352-stock-photo-red-sign-night-chinatown-milan.jpg
INFO: 2020-12-02.09:04:57 : Received 2880 bytes from https://st4.depositphotos.com/2435561/23030/i/1600/depositphotos_230304352-stock-photo-red-sign-night-chinatown-milan.jpg
INFO: 2020-12-02.09:04:57 : Received 5760 bytes from https://st4.depositphotos.com/2435561/23030/i/1600/depositphotos_230304352-stock-photo-red-sign-night-chinatown-milan.jpg
INFO: 2020-12-02.09:04:57 : Received 2880 bytes from https://st4.depositphotos.com/2435561/23030/i/1600/depositphotos_230304352-stock-photo-red-sign-night-chinatown-milan.jpg
INFO: 2020-12-02.09:04:57 : Received 2880 bytes from https://st4.depositphotos.com/2435561/23030/i/1600/depositphotos_230304352-stock-photo-red-sign-night-chinatown-milan.jpg
INFO: 2020-12-02.09:04:57 : Received 1440 bytes from https://st4.depositphotos.com/2435561/23030/i/1600/depositphotos_230304352-stock-photo-red-sign-night-chinatown-milan.jpg
INFO: 2020-12-02.09:04:57 : Received 2880 bytes from https://st4.depositphotos.com/2435561/23030/i/1600/depositphotos_230304352-stock-photo-red-sign-night-chinatown-milan.jpg
INFO: 2020-12-02.09:04:57 : Received 2880 bytes from https://st4.depositphotos.com/2435561/23030/i/1600/depositphotos_230304352-stock-photo-red-sign-night-chinatown-milan.jpg
INFO: 2020-12-02.09:04:57 : Received 4320 bytes from https://st4.depositphotos.com/2435561/23030/i/1600/depositphotos_230304352-stock-photo-red-sign-night-chinatown-milan.jpg
INFO: 2020-12-02.09:04:57 : Received 1440 bytes from https://st4.depositphotos.com/2435561/23030/i/1600/depositphotos_230304352-stock-photo-red-sign-night-chinatown-milan.jpg
INFO: 2020-12-02.09:04:57 : Received 2880 bytes from https://st4.depositphotos.com/2435561/23030/i/1600/depositphotos_230304352-stock-photo-red-sign-night-chinatown-milan.jpg
INFO: 2020-12-02.09:04:57 : Received 2880 bytes from https://st4.depositphotos.com/2435561/23030/i/1600/depositphotos_230304352-stock-photo-red-sign-night-chinatown-milan.jpg
INFO: 2020-12-02.09:04:57 : Received 2880 bytes from https://st4.depositphotos.com/2435561/23030/i/1600/depositphotos_230304352-stock-photo-red-sign-night-chinatown-milan.jpg
INFO: 2020-12-02.09:04:57 : Received 5760 bytes from https://st4.depositphotos.com/2435561/23030/i/1600/depositphotos_230304352-stock-photo-red-sign-night-chinatown-milan.jpg
INFO: 2020-12-02.09:04:57 : Received 2880 bytes from https://st4.depositphotos.com/2435561/23030/i/1600/depositphotos_230304352-stock-photo-red-sign-night-chinatown-milan.jpg
INFO: 2020-12-02.09:04:57 : Received 2880 bytes from https://st4.depositphotos.com/2435561/23030/i/1600/depositphotos_230304352-stock-photo-red-sign-night-chinatown-milan.jpg
INFO: 2020-12-02.09:04:57 : Received 2880 bytes from https://st4.depositphotos.com/2435561/23030/i/1600/depositphotos_230304352-stock-photo-red-sign-night-chinatown-milan.jpg
INFO: 2020-12-02.09:04:57 : Received 5760 bytes from https://st4.depositphotos.com/2435561/23030/i/1600/depositphotos_230304352-stock-photo-red-sign-night-chinatown-milan.jpg
INFO: 2020-12-02.09:04:57 : Received 2880 bytes from https://st4.depositphotos.com/2435561/23030/i/1600/depositphotos_230304352-stock-photo-red-sign-night-chinatown-milan.jpg
INFO: 2020-12-02.09:04:57 : Received 7200 bytes from https://st4.depositphotos.com/2435561/23030/i/1600/depositphotos_230304352-stock-photo-red-sign-night-chinatown-milan.jpg
INFO: 2020-12-02.09:04:57 : Received 1440 bytes from https://st4.depositphotos.com/2435561/23030/i/1600/depositphotos_230304352-stock-photo-red-sign-night-chinatown-milan.jpg
INFO: 2020-12-02.09:04:57 : Received 2880 bytes from https://st4.depositphotos.com/2435561/23030/i/1600/depositphotos_230304352-stock-photo-red-sign-night-chinatown-milan.jpg
INFO: 2020-12-02.09:04:57 : Received 2880 bytes from https://st4.depositphotos.com/2435561/23030/i/1600/depositphotos_230304352-stock-photo-red-sign-night-chinatown-milan.jpg
INFO: 2020-12-02.09:04:57 : Received 2880 bytes from https://st4.depositphotos.com/2435561/23030/i/1600/depositphotos_230304352-stock-photo-red-sign-night-chinatown-milan.jpg
INFO: 2020-12-02.09:04:57 : Received 2880 bytes from https://st4.depositphotos.com/2435561/23030/i/1600/depositphotos_230304352-stock-photo-red-sign-night-chinatown-milan.jpg
INFO: 2020-12-02.09:04:57 : Received 4320 bytes from https://st4.depositphotos.com/2435561/23030/i/1600/depositphotos_230304352-stock-photo-red-sign-night-chinatown-milan.jpg
INFO: 2020-12-02.09:04:57 : Received 8192 bytes from https://st4.depositphotos.com/2435561/23030/i/1600/depositphotos_230304352-stock-photo-red-sign-night-chinatown-milan.jpg
INFO: 2020-12-02.09:04:57 : Received 3328 bytes from https://st4.depositphotos.com/2435561/23030/i/1600/depositphotos_230304352-stock-photo-red-sign-night-chinatown-milan.jpg
INFO: 2020-12-02.09:04:57 : Received 2880 bytes from https://st4.depositphotos.com/2435561/23030/i/1600/depositphotos_230304352-stock-photo-red-sign-night-chinatown-milan.jpg
INFO: 2020-12-02.09:04:57 : Received 5760 bytes from https://st4.depositphotos.com/2435561/23030/i/1600/depositphotos_230304352-stock-photo-red-sign-night-chinatown-milan.jpg
INFO: 2020-12-02.09:04:57 : Received 2880 bytes from https://st4.depositphotos.com/2435561/23030/i/1600/depositphotos_230304352-stock-photo-red-sign-night-chinatown-milan.jpg
INFO: 2020-12-02.09:04:57 : Received 8192 bytes from https://st4.depositphotos.com/2435561/23030/i/1600/depositphotos_230304352-stock-photo-red-sign-night-chinatown-milan.jpg
INFO: 2020-12-02.09:04:57 : Received 4804 bytes from https://st4.depositphotos.com/2435561/23030/i/1600/depositphotos_230304352-stock-photo-red-sign-night-chinatown-milan.jpg
INFO: 2020-12-02.09:04:57 : Status code: 200
INFO: 2020-12-02.09:04:57 : Saved image to D:\BSUIR\OS\operating-systems\2\cmake-build-debug\depositphotos_230304352-stock-photo-red-sign-night-chinatown-milan.jpg
INFO: 2020-12-02.09:04:57 : Size of image D:\BSUIR\OS\operating-systems\2\cmake-build-debug\depositphotos_230304352-stock-photo-red-sign-night-chinatown-milan.jpg is 390426 bytes
